20240501	18:47:45	66001638-41cf-4bc4-b008-e93d137e1d7b	GET	/sd	undefined
20240501	18:47:45	1c68750a-7fc5-443e-bdef-270025a708a9	GET	/css/style.css	undefined
20240501	18:49:06	d822ab1d-55c5-41c0-a4a0-6cad10014c49	GET	/	undefined
20240501	18:49:06	4853bdbe-226e-4b39-9a8a-8ed9db0a8c43	GET	/public/css/style.css	undefined
20240501	18:49:08	31eebf7b-831d-4b0b-9068-1a2cee7e5b1f	GET	/	undefined
20240501	18:49:08	52e6bc57-1ee0-4840-82f6-654181309525	GET	/public/css/style.css	undefined
20240501	18:49:23	94d034b9-2783-4fde-b6d5-ca288421255e	GET	/	undefined
20240501	18:49:23	cd88c7e4-8dc4-4306-b034-1df94b1852dc	GET	/css/style.css	undefined
20240501	21:18:49	fdccb7f2-31d3-4003-a1ad-5aa316ba4901	POST	/products	undefined
20240501	21:20:34	bc6cd760-89f5-479f-91bb-44d1387e12dc	GET	/	undefined
20240501	21:20:34	fa678c17-8b91-4076-88e1-1be3e5db589b	GET	/css/style.css	undefined
20240501	21:20:48	a9069727-2fa1-4643-ad01-7ffddf44c225	POST	/products	undefined
20240501	21:22:10	be26197e-66a7-42d8-8f18-223cc91b43c7	POST	/products	undefined
20240501	21:22:35	c8ca91c2-d9ff-4d41-a8e0-1ea036857160	GET	/products/pomme-de-terre	undefined
20240501	21:22:39	32eaa719-92ff-4029-922a-e67524c29f42	GET	/products/pomme-de-terre	undefined
20240501	21:22:40	3ecfd237-0b63-4a79-a6c8-d9a92a8919fb	GET	/products/pomme-de-terre	undefined
20240501	21:22:41	83f19b7c-42b9-4017-a329-cfad28d4d63b	GET	/products/pomme-de-terre	undefined
20240501	21:22:42	c47d8b3b-dfd5-490f-9da1-b150072ed9df	GET	/products/pomme-de-terre	undefined
20240501	21:22:49	f4f292aa-0d60-415c-be06-b63de81cb4cd	GET	/products/	undefined
20240501	22:32:59	70f041cb-62fb-4e9d-a6a5-28cffab51e4e	DELETE	/products/pain-1	undefined
20240501	22:33:11	64a02784-6f06-4877-a98c-a96617126909	GET	/products/pain-1	undefined
20240501	22:33:22	3389ec2d-c4fc-4f60-af6f-6d2c370d0c05	GET	/products/	undefined
20240501	22:37:22	1d673b90-13a9-476b-9e15-3c4a35ae9038	POST	/products/	undefined
20240501	22:37:32	9a83d53c-a3d2-499b-9fae-5e82866b4408	GET	/products/	undefined
20240501	22:41:41	ca09a821-3031-4a44-ba75-ddae2d37db1b	PATCH	/products/pomme-de-terre	undefined
20240501	22:42:22	61a45e59-8573-49df-894c-8d4c56eca0bd	GET	/products/pomme-de-terre	undefined
20240501	22:42:31	22c9fbb5-1911-4fd5-9e71-119854c2d84b	PUT	/products/pomme-de-terre	undefined
20240501	22:42:42	ce7d4625-8eac-43e2-bd95-478fcfa8d48e	GET	/products/pomme-de-terre	undefined
20240501	22:42:51	b1509a5b-8278-40cb-807b-36303897f3a4	GET	/products/	undefined
20240501	22:47:10	0b3106d9-3fc1-48db-a979-8cbfab122ffd	GET	/	undefined
20240501	22:47:10	0e0f7723-ba90-4227-894d-ee0b0d6eb3a9	GET	/css/style.css	undefined
20240501	22:47:11	e1946282-60fc-46e0-af4a-84c4d1554f8a	GET	/favicon.ico	undefined
